{
  "stats": {
    "suites": 1,
    "tests": 1,
    "passes": 1,
    "pending": 0,
    "failures": 0,
    "start": "2025-08-26T13:35:35.861Z",
    "end": "2025-08-26T13:35:51.796Z",
    "duration": 15935,
    "testsRegistered": 1,
    "passPercent": 100,
    "pendingPercent": 0,
    "other": 0,
    "hasOther": false,
    "skipped": 0,
    "hasSkipped": false
  },
  "results": [
    {
      "uuid": "0cf0db8f-d19f-40e6-9215-b0ea339a77cd",
      "title": "",
      "fullFile": "cypress\\e2e\\Support-Tickets\\ticket.cy.js",
      "file": "cypress\\e2e\\Support-Tickets\\ticket.cy.js",
      "beforeHooks": [],
      "afterHooks": [],
      "tests": [],
      "suites": [
        {
          "uuid": "ca87bec7-a168-4c8e-b070-9620ea999c6d",
          "title": "Support Ticket Creation",
          "fullFile": "",
          "file": "",
          "beforeHooks": [],
          "afterHooks": [],
          "tests": [
            {
              "title": "should create a support ticket successfully and check filter",
              "fullTitle": "Support Ticket Creation should create a support ticket successfully and check filter",
              "timedOut": null,
              "duration": 15791,
              "state": "passed",
              "speed": "slow",
              "pass": true,
              "fail": false,
              "pending": false,
              "context": "{\n  \"title\": \"cypress-mochawesome-reporter-videos-passed\",\n  \"value\": \"cypress\\\\e2e\\\\Support-Tickets\\\\ticket.cy.js\"\n}",
              "code": "cy.fixture('supportticket').then(data => {\n  cy.visit('https://dev.projectchat.ai/project-spaces');\n  ticketPage.createTicket(data.ticketTitle, data.ticketDescription, data.priority);\n  ticketPage.filter();\n});",
              "err": {},
              "uuid": "cac8bfa4-03b5-4d3b-9d9a-bef0dbb3ad15",
              "parentUUID": "ca87bec7-a168-4c8e-b070-9620ea999c6d",
              "isHook": false,
              "skipped": false
            }
          ],
          "suites": [],
          "passes": [
            "cac8bfa4-03b5-4d3b-9d9a-bef0dbb3ad15"
          ],
          "failures": [],
          "pending": [],
          "skipped": [],
          "duration": 15791,
          "root": false,
          "rootEmpty": false,
          "_timeout": 2000
        }
      ],
      "passes": [],
      "failures": [],
      "pending": [],
      "skipped": [],
      "duration": 0,
      "root": true,
      "rootEmpty": true,
      "_timeout": 2000
    }
  ],
  "meta": {
    "mocha": {
      "version": "7.2.0"
    },
    "mochawesome": {
      "options": {
        "quiet": false,
        "reportFilename": "mochawesome",
        "saveHtml": false,
        "saveJson": true,
        "consoleReporter": "spec",
        "useInlineDiffs": false,
        "code": true
      },
      "version": "7.1.3"
    },
    "marge": {
      "options": {
        "charts": true,
        "reportPageTitle": "custom-title",
        "embeddedScreenshots": true,
        "inlineAssets": true,
        "saveAllAttempts": false,
        "overwrite": false,
        "html": false,
        "json": true,
        "reportDir": "cypress\\reports\\html\\.jsons"
      },
      "version": "6.2.0"
    }
  }
}