{
  "stats": {
    "suites": 1,
    "tests": 1,
    "passes": 1,
    "pending": 0,
    "failures": 0,
    "start": "2025-08-26T13:34:47.439Z",
    "end": "2025-08-26T13:35:01.407Z",
    "duration": 13968,
    "testsRegistered": 1,
    "passPercent": 100,
    "pendingPercent": 0,
    "other": 0,
    "hasOther": false,
    "skipped": 0,
    "hasSkipped": false
  },
  "results": [
    {
      "uuid": "cb9315a5-755c-4099-b6d9-a84a10c63f1f",
      "title": "",
      "fullFile": "cypress\\e2e\\Login\\Login.cy.js",
      "file": "cypress\\e2e\\Login\\Login.cy.js",
      "beforeHooks": [],
      "afterHooks": [],
      "tests": [],
      "suites": [
        {
          "uuid": "151276d8-5bc0-486a-8127-f41d95990e58",
          "title": "ProjectChat Login",
          "fullFile": "",
          "file": "",
          "beforeHooks": [],
          "afterHooks": [],
          "tests": [
            {
              "title": "Login with valid credentials",
              "fullTitle": "ProjectChat Login Login with valid credentials",
              "timedOut": null,
              "duration": 13737,
              "state": "passed",
              "speed": "slow",
              "pass": true,
              "fail": false,
              "pending": false,
              "context": "{\n  \"title\": \"cypress-mochawesome-reporter-videos-passed\",\n  \"value\": \"cypress\\\\e2e\\\\Login\\\\Login.cy.js\"\n}",
              "code": "const vars = Cypress.env();\nconst LoginPage = __webpack_require__(/*! ../Pages/loginpage */ \"./cypress/e2e/Pages/loginpage.js\");\ncy.visit(vars.baseUrl); //\nLoginPage.login(workspaceData.newemail, workspaceData.password);\ncy.get('button[type=\"submit\"]').click();\ncy.contains('Welcome Tester !').should('be.visible');",
              "err": {},
              "uuid": "e8d2c063-97a9-4ce5-8e50-c61aa5992e89",
              "parentUUID": "151276d8-5bc0-486a-8127-f41d95990e58",
              "isHook": false,
              "skipped": false
            }
          ],
          "suites": [],
          "passes": [
            "e8d2c063-97a9-4ce5-8e50-c61aa5992e89"
          ],
          "failures": [],
          "pending": [],
          "skipped": [],
          "duration": 13737,
          "root": false,
          "rootEmpty": false,
          "_timeout": 2000
        }
      ],
      "passes": [],
      "failures": [],
      "pending": [],
      "skipped": [],
      "duration": 0,
      "root": true,
      "rootEmpty": true,
      "_timeout": 2000
    }
  ],
  "meta": {
    "mocha": {
      "version": "7.2.0"
    },
    "mochawesome": {
      "options": {
        "quiet": false,
        "reportFilename": "mochawesome",
        "saveHtml": false,
        "saveJson": true,
        "consoleReporter": "spec",
        "useInlineDiffs": false,
        "code": true
      },
      "version": "7.1.3"
    },
    "marge": {
      "options": {
        "charts": true,
        "reportPageTitle": "custom-title",
        "embeddedScreenshots": true,
        "inlineAssets": true,
        "saveAllAttempts": false,
        "overwrite": false,
        "html": false,
        "json": true,
        "reportDir": "cypress\\reports\\html\\.jsons"
      },
      "version": "6.2.0"
    }
  }
}